<?xml version="1.0" encoding="UTF-8"?>
<testsuite xmlns:xsi="http://www.w3.org/2001/XMLSchema-instance" xsi:noNamespaceSchemaLocation="https://maven.apache.org/surefire/maven-surefire-plugin/xsd/surefire-test-report.xsd" name="TestSuite" time="153.355" tests="4" errors="0" skipped="0" failures="0">
  <properties>
[...]
</properties>
  <testcase name="loginTest" classname="qa_test.Test1" time="17.294"/>
  <testcase name="changeCityTest" classname="qa_test.Test2" time="20.637"/>
  <testcase name="juicerPricesTest" classname="qa_test.Test3" time="35.823"/>
  <testcase name="juicerPowerTest" classname="qa_test.Test4" time="32.446"/>
</testsuite>